生成启动时间为 2018/7/19 21:56:53。
     1>项目“E:\c++学习\学习案例\3.36\main\main.vcxproj”在节点 2 上(build 个目标)。
     1>InitializeBuildStatus:
         正在创建“Debug\3.39.unsuccessfulbuild”，因为已指定“AlwaysCreate”。
       ClCompile:
         E:\c++\VC\bin\CL.exe /c /ZI /nologo /W3 /WX- /Od /Oy- /D _MBCS /Gm /EHsc /RTC1 /MDd /GS /fp:precise /Zc:wchar_t /Zc:forScope /Fo"Debug\\" /Fd"Debug\vc100.pdb" /Gd /TP /analyze- /errorReport:prompt main.cpp
         main.cpp
     1>e:\c++学习\学习案例\3.36\main\main.cpp(22): warning C4800: “int”: 将值强制为布尔值“true”或“false”(性能警告)
     1>e:\c++学习\学习案例\3.36\main\main.cpp(40): warning C4808: case“-1”不是类型“bool”的切换条件的有效值
     1>e:\c++学习\学习案例\3.36\main\main.cpp(40): warning C4809: 切换语句有多余的“default”标签；给定所有可能的“case”标签
       Link:
         E:\c++\VC\bin\link.exe /ERRORREPORT:PROMPT /OUT:"E:\c++学习\学习案例\3.36\Debug\3.39.exe" /NOLOGO kernel32.lib user32.lib gdi32.lib winspool.lib comdlg32.lib advapi32.lib shell32.lib ole32.lib oleaut32.lib uuid.lib odbc32.lib odbccp32.lib /MANIFEST /ManifestFile:"Debug\3.39.exe.intermediate.manifest" /MANIFESTUAC:"level='asInvoker' uiAccess='false'" /DEBUG /PDB:"E:\c++学习\学习案例\3.36\Debug\3.39.pdb" /TLBID:1 /DYNAMICBASE /NXCOMPAT /IMPLIB:"E:\c++学习\学习案例\3.36\Debug\3.39.lib" /MACHINE:X86 Debug\main.obj
         LINK : 没有找到 E:\c++学习\学习案例\3.36\Debug\3.39.exe 或上一个增量链接没有生成它；正在执行完全链接
         main.vcxproj -> E:\c++学习\学习案例\3.36\Debug\3.39.exe
       Manifest:
         C:\Program Files (x86)\Microsoft SDKs\Windows\v7.0A\bin\mt.exe /nologo /verbose /outputresource:"E:\c++学习\学习案例\3.36\Debug\3.39.exe;#1" /manifest Debug\3.39.exe.intermediate.manifest
       FinalizeBuildStatus:
         正在删除文件“Debug\3.39.unsuccessfulbuild”。
         正在对“Debug\3.39.lastbuildstate”执行 Touch 任务。
     1>已完成生成项目“E:\c++学习\学习案例\3.36\main\main.vcxproj”(build 个目标)的操作。

生成成功。

已用时间 00:00:00.87
